Connecting to database specified by database.yml
Connecting to database specified by database.yml


Started GET "/" for 127.0.0.1 at 2013-05-30 18:50:40 +0200

ActionController::RoutingError (No route matches [GET] "/"):
  actionpack (3.2.13) lib/action_dispatch/middleware/debug_exceptions.rb:21:in `call'
  actionpack (3.2.13) lib/action_dispatch/middleware/show_exceptions.rb:56:in `call'
  railties (3.2.13) lib/rails/rack/logger.rb:32:in `call_app'
  railties (3.2.13) lib/rails/rack/logger.rb:16:in `block in call'
  activesupport (3.2.13) lib/active_support/tagged_logging.rb:22:in `tagged'
  railties (3.2.13) lib/rails/rack/logger.rb:16:in `call'
  actionpack (3.2.13) lib/action_dispatch/middleware/request_id.rb:22:in `call'
  rack (1.4.5) lib/rack/methodoverride.rb:21:in `call'
  rack (1.4.5) lib/rack/runtime.rb:17:in `call'
  activesupport (3.2.13) lib/active_support/cache/strategy/local_cache.rb:72:in `call'
  rack (1.4.5) lib/rack/lock.rb:15:in `call'
  actionpack (3.2.13) lib/action_dispatch/middleware/static.rb:63:in `call'
  railties (3.2.13) lib/rails/engine.rb:479:in `call'
  railties (3.2.13) lib/rails/application.rb:223:in `call'
  rack (1.4.5) lib/rack/content_length.rb:14:in `call'
  railties (3.2.13) lib/rails/rack/log_tailer.rb:17:in `call'
  rack (1.4.5) lib/rack/handler/webrick.rb:59:in `service'
  c:/RailsInstaller/Ruby1.9.3/lib/ruby/1.9.1/webrick/httpserver.rb:138:in `service'
  c:/RailsInstaller/Ruby1.9.3/lib/ruby/1.9.1/webrick/httpserver.rb:94:in `run'
  c:/RailsInstaller/Ruby1.9.3/lib/ruby/1.9.1/webrick/server.rb:191:in `block in start_thread'


  Rendered c:/RailsInstaller/Ruby1.9.3/lib/ruby/gems/1.9.1/gems/actionpack-3.2.13/lib/action_dispatch/middleware/templates/rescues/routing_error.erb within rescues/layout (3.0ms)


Started GET "/index" for 127.0.0.1 at 2013-05-30 18:50:47 +0200

ActionController::RoutingError (No route matches [GET] "/index"):
  actionpack (3.2.13) lib/action_dispatch/middleware/debug_exceptions.rb:21:in `call'
  actionpack (3.2.13) lib/action_dispatch/middleware/show_exceptions.rb:56:in `call'
  railties (3.2.13) lib/rails/rack/logger.rb:32:in `call_app'
  railties (3.2.13) lib/rails/rack/logger.rb:16:in `block in call'
  activesupport (3.2.13) lib/active_support/tagged_logging.rb:22:in `tagged'
  railties (3.2.13) lib/rails/rack/logger.rb:16:in `call'
  actionpack (3.2.13) lib/action_dispatch/middleware/request_id.rb:22:in `call'
  rack (1.4.5) lib/rack/methodoverride.rb:21:in `call'
  rack (1.4.5) lib/rack/runtime.rb:17:in `call'
  activesupport (3.2.13) lib/active_support/cache/strategy/local_cache.rb:72:in `call'
  rack (1.4.5) lib/rack/lock.rb:15:in `call'
  actionpack (3.2.13) lib/action_dispatch/middleware/static.rb:63:in `call'
  railties (3.2.13) lib/rails/engine.rb:479:in `call'
  railties (3.2.13) lib/rails/application.rb:223:in `call'
  rack (1.4.5) lib/rack/content_length.rb:14:in `call'
  railties (3.2.13) lib/rails/rack/log_tailer.rb:17:in `call'
  rack (1.4.5) lib/rack/handler/webrick.rb:59:in `service'
  c:/RailsInstaller/Ruby1.9.3/lib/ruby/1.9.1/webrick/httpserver.rb:138:in `service'
  c:/RailsInstaller/Ruby1.9.3/lib/ruby/1.9.1/webrick/httpserver.rb:94:in `run'
  c:/RailsInstaller/Ruby1.9.3/lib/ruby/1.9.1/webrick/server.rb:191:in `block in start_thread'


  Rendered c:/RailsInstaller/Ruby1.9.3/lib/ruby/gems/1.9.1/gems/actionpack-3.2.13/lib/action_dispatch/middleware/templates/rescues/routing_error.erb within rescues/layout (1.0ms)


Started GET "/" for 127.0.0.1 at 2013-05-30 18:51:14 +0200

ActionController::RoutingError (No route matches [GET] "/"):
  actionpack (3.2.13) lib/action_dispatch/middleware/debug_exceptions.rb:21:in `call'
  actionpack (3.2.13) lib/action_dispatch/middleware/show_exceptions.rb:56:in `call'
  railties (3.2.13) lib/rails/rack/logger.rb:32:in `call_app'
  railties (3.2.13) lib/rails/rack/logger.rb:16:in `block in call'
  activesupport (3.2.13) lib/active_support/tagged_logging.rb:22:in `tagged'
  railties (3.2.13) lib/rails/rack/logger.rb:16:in `call'
  actionpack (3.2.13) lib/action_dispatch/middleware/request_id.rb:22:in `call'
  rack (1.4.5) lib/rack/methodoverride.rb:21:in `call'
  rack (1.4.5) lib/rack/runtime.rb:17:in `call'
  activesupport (3.2.13) lib/active_support/cache/strategy/local_cache.rb:72:in `call'
  rack (1.4.5) lib/rack/lock.rb:15:in `call'
  actionpack (3.2.13) lib/action_dispatch/middleware/static.rb:63:in `call'
  railties (3.2.13) lib/rails/engine.rb:479:in `call'
  railties (3.2.13) lib/rails/application.rb:223:in `call'
  rack (1.4.5) lib/rack/content_length.rb:14:in `call'
  railties (3.2.13) lib/rails/rack/log_tailer.rb:17:in `call'
  rack (1.4.5) lib/rack/handler/webrick.rb:59:in `service'
  c:/RailsInstaller/Ruby1.9.3/lib/ruby/1.9.1/webrick/httpserver.rb:138:in `service'
  c:/RailsInstaller/Ruby1.9.3/lib/ruby/1.9.1/webrick/httpserver.rb:94:in `run'
  c:/RailsInstaller/Ruby1.9.3/lib/ruby/1.9.1/webrick/server.rb:191:in `block in start_thread'


  Rendered c:/RailsInstaller/Ruby1.9.3/lib/ruby/gems/1.9.1/gems/actionpack-3.2.13/lib/action_dispatch/middleware/templates/rescues/routing_error.erb within rescues/layout (1.0ms)


Started GET "/" for 127.0.0.1 at 2013-05-30 18:51:19 +0200

ActionController::RoutingError (No route matches [GET] "/"):
  actionpack (3.2.13) lib/action_dispatch/middleware/debug_exceptions.rb:21:in `call'
  actionpack (3.2.13) lib/action_dispatch/middleware/show_exceptions.rb:56:in `call'
  railties (3.2.13) lib/rails/rack/logger.rb:32:in `call_app'
  railties (3.2.13) lib/rails/rack/logger.rb:16:in `block in call'
  activesupport (3.2.13) lib/active_support/tagged_logging.rb:22:in `tagged'
  railties (3.2.13) lib/rails/rack/logger.rb:16:in `call'
  actionpack (3.2.13) lib/action_dispatch/middleware/request_id.rb:22:in `call'
  rack (1.4.5) lib/rack/methodoverride.rb:21:in `call'
  rack (1.4.5) lib/rack/runtime.rb:17:in `call'
  activesupport (3.2.13) lib/active_support/cache/strategy/local_cache.rb:72:in `call'
  rack (1.4.5) lib/rack/lock.rb:15:in `call'
  actionpack (3.2.13) lib/action_dispatch/middleware/static.rb:63:in `call'
  railties (3.2.13) lib/rails/engine.rb:479:in `call'
  railties (3.2.13) lib/rails/application.rb:223:in `call'
  rack (1.4.5) lib/rack/content_length.rb:14:in `call'
  railties (3.2.13) lib/rails/rack/log_tailer.rb:17:in `call'
  rack (1.4.5) lib/rack/handler/webrick.rb:59:in `service'
  c:/RailsInstaller/Ruby1.9.3/lib/ruby/1.9.1/webrick/httpserver.rb:138:in `service'
  c:/RailsInstaller/Ruby1.9.3/lib/ruby/1.9.1/webrick/httpserver.rb:94:in `run'
  c:/RailsInstaller/Ruby1.9.3/lib/ruby/1.9.1/webrick/server.rb:191:in `block in start_thread'


  Rendered c:/RailsInstaller/Ruby1.9.3/lib/ruby/gems/1.9.1/gems/actionpack-3.2.13/lib/action_dispatch/middleware/templates/rescues/routing_error.erb within rescues/layout (0.0ms)


Started GET "/index/index" for 127.0.0.1 at 2013-05-30 18:51:34 +0200
Processing by IndexController#index as HTML
  Rendered index/index.html.erb within layouts/application (1.0ms)
Compiled index.css  (9ms)  (pid 1384)
Compiled application.css  (29ms)  (pid 1384)
Compiled jquery.js  (2ms)  (pid 1384)
Compiled jquery_ujs.js  (1ms)  (pid 1384)
Compiled index.js  (163ms)  (pid 1384)
Compiled application.js  (223ms)  (pid 1384)
Completed 200 OK in 336ms (Views: 336.0ms | ActiveRecord: 0.0ms)


Started GET "/assets/application.css?body=1" for 127.0.0.1 at 2013-05-30 18:51:34 +0200
Served asset /application.css - 200 OK (3ms)


Started GET "/assets/index.css?body=1" for 127.0.0.1 at 2013-05-30 18:51:34 +0200
Served asset /index.css - 200 OK (0ms)


Started GET "/assets/jquery.js?body=1" for 127.0.0.1 at 2013-05-30 18:51:35 +0200
Served asset /jquery.js - 200 OK (12ms)


Started GET "/assets/jquery_ujs.js?body=1" for 127.0.0.1 at 2013-05-30 18:51:35 +0200
Served asset /jquery_ujs.js - 200 OK (2ms)


Started GET "/assets/index.js?body=1" for 127.0.0.1 at 2013-05-30 18:51:35 +0200
Served asset /index.js - 200 OK (0ms)


Started GET "/assets/application.js?body=1" for 127.0.0.1 at 2013-05-30 18:51:35 +0200
Served asset /application.js - 200 OK (13ms)


Started GET "/index/javascript/main.js" for 127.0.0.1 at 2013-05-30 18:51:35 +0200

ActionController::RoutingError (No route matches [GET] "/index/javascript/main.js"):
  actionpack (3.2.13) lib/action_dispatch/middleware/debug_exceptions.rb:21:in `call'
  actionpack (3.2.13) lib/action_dispatch/middleware/show_exceptions.rb:56:in `call'
  railties (3.2.13) lib/rails/rack/logger.rb:32:in `call_app'
  railties (3.2.13) lib/rails/rack/logger.rb:16:in `block in call'
  activesupport (3.2.13) lib/active_support/tagged_logging.rb:22:in `tagged'
  railties (3.2.13) lib/rails/rack/logger.rb:16:in `call'
  actionpack (3.2.13) lib/action_dispatch/middleware/request_id.rb:22:in `call'
  rack (1.4.5) lib/rack/methodoverride.rb:21:in `call'
  rack (1.4.5) lib/rack/runtime.rb:17:in `call'
  activesupport (3.2.13) lib/active_support/cache/strategy/local_cache.rb:72:in `call'
  rack (1.4.5) lib/rack/lock.rb:15:in `call'
  actionpack (3.2.13) lib/action_dispatch/middleware/static.rb:63:in `call'
  railties (3.2.13) lib/rails/engine.rb:479:in `call'
  railties (3.2.13) lib/rails/application.rb:223:in `call'
  rack (1.4.5) lib/rack/content_length.rb:14:in `call'
  railties (3.2.13) lib/rails/rack/log_tailer.rb:17:in `call'
  rack (1.4.5) lib/rack/handler/webrick.rb:59:in `service'
  c:/RailsInstaller/Ruby1.9.3/lib/ruby/1.9.1/webrick/httpserver.rb:138:in `service'
  c:/RailsInstaller/Ruby1.9.3/lib/ruby/1.9.1/webrick/httpserver.rb:94:in `run'
  c:/RailsInstaller/Ruby1.9.3/lib/ruby/1.9.1/webrick/server.rb:191:in `block in start_thread'


  Rendered c:/RailsInstaller/Ruby1.9.3/lib/ruby/gems/1.9.1/gems/actionpack-3.2.13/lib/action_dispatch/middleware/templates/rescues/routing_error.erb within rescues/layout (0.0ms)


Started GET "/index/index" for 127.0.0.1 at 2013-05-30 18:52:30 +0200
Processing by IndexController#index as HTML
  Rendered index/index.html.erb within layouts/application (0.0ms)
Completed 200 OK in 12ms (Views: 12.0ms | ActiveRecord: 0.0ms)


Started GET "/assets/jquery.js?body=1" for 127.0.0.1 at 2013-05-30 18:52:30 +0200
Served asset /jquery.js - 304 Not Modified (0ms)


Started GET "/assets/index.css?body=1" for 127.0.0.1 at 2013-05-30 18:52:30 +0200
Served asset /index.css - 304 Not Modified (0ms)


Started GET "/assets/jquery_ujs.js?body=1" for 127.0.0.1 at 2013-05-30 18:52:30 +0200
Served asset /jquery_ujs.js - 304 Not Modified (0ms)


Started GET "/assets/index.js?body=1" for 127.0.0.1 at 2013-05-30 18:52:30 +0200
Served asset /index.js - 304 Not Modified (0ms)


Started GET "/assets/application.css?body=1" for 127.0.0.1 at 2013-05-30 18:52:30 +0200
Served asset /application.css - 304 Not Modified (0ms)


Started GET "/assets/application.js?body=1" for 127.0.0.1 at 2013-05-30 18:52:31 +0200
Served asset /application.js - 304 Not Modified (1ms)


Started GET "/index/javascript/main.js" for 127.0.0.1 at 2013-05-30 18:52:31 +0200

ActionController::RoutingError (No route matches [GET] "/index/javascript/main.js"):
  actionpack (3.2.13) lib/action_dispatch/middleware/debug_exceptions.rb:21:in `call'
  actionpack (3.2.13) lib/action_dispatch/middleware/show_exceptions.rb:56:in `call'
  railties (3.2.13) lib/rails/rack/logger.rb:32:in `call_app'
  railties (3.2.13) lib/rails/rack/logger.rb:16:in `block in call'
  activesupport (3.2.13) lib/active_support/tagged_logging.rb:22:in `tagged'
  railties (3.2.13) lib/rails/rack/logger.rb:16:in `call'
  actionpack (3.2.13) lib/action_dispatch/middleware/request_id.rb:22:in `call'
  rack (1.4.5) lib/rack/methodoverride.rb:21:in `call'
  rack (1.4.5) lib/rack/runtime.rb:17:in `call'
  activesupport (3.2.13) lib/active_support/cache/strategy/local_cache.rb:72:in `call'
  rack (1.4.5) lib/rack/lock.rb:15:in `call'
  actionpack (3.2.13) lib/action_dispatch/middleware/static.rb:63:in `call'
  railties (3.2.13) lib/rails/engine.rb:479:in `call'
  railties (3.2.13) lib/rails/application.rb:223:in `call'
  rack (1.4.5) lib/rack/content_length.rb:14:in `call'
  railties (3.2.13) lib/rails/rack/log_tailer.rb:17:in `call'
  rack (1.4.5) lib/rack/handler/webrick.rb:59:in `service'
  c:/RailsInstaller/Ruby1.9.3/lib/ruby/1.9.1/webrick/httpserver.rb:138:in `service'
  c:/RailsInstaller/Ruby1.9.3/lib/ruby/1.9.1/webrick/httpserver.rb:94:in `run'
  c:/RailsInstaller/Ruby1.9.3/lib/ruby/1.9.1/webrick/server.rb:191:in `block in start_thread'


  Rendered c:/RailsInstaller/Ruby1.9.3/lib/ruby/gems/1.9.1/gems/actionpack-3.2.13/lib/action_dispatch/middleware/templates/rescues/routing_error.erb within rescues/layout (1.0ms)


Started GET "/index/index" for 127.0.0.1 at 2013-05-30 18:54:14 +0200
Processing by IndexController#index as HTML
  Rendered index/index.html.erb within layouts/application (1.0ms)
Completed 200 OK in 13ms (Views: 13.0ms | ActiveRecord: 0.0ms)


Started GET "/assets/index.css?body=1" for 127.0.0.1 at 2013-05-30 18:54:15 +0200
Served asset /index.css - 304 Not Modified (0ms)


Started GET "/assets/jquery.js?body=1" for 127.0.0.1 at 2013-05-30 18:54:15 +0200
Served asset /jquery.js - 304 Not Modified (0ms)


Started GET "/assets/jquery_ujs.js?body=1" for 127.0.0.1 at 2013-05-30 18:54:15 +0200
Served asset /jquery_ujs.js - 304 Not Modified (0ms)


Started GET "/assets/application.css?body=1" for 127.0.0.1 at 2013-05-30 18:54:15 +0200
Served asset /application.css - 304 Not Modified (0ms)


Started GET "/assets/index.js?body=1" for 127.0.0.1 at 2013-05-30 18:54:15 +0200
Served asset /index.js - 304 Not Modified (0ms)


Started GET "/assets/application.js?body=1" for 127.0.0.1 at 2013-05-30 18:54:15 +0200
Served asset /application.js - 304 Not Modified (0ms)


Started GET "/index/index" for 127.0.0.1 at 2013-05-30 18:54:59 +0200
Processing by IndexController#index as HTML
  Rendered index/index.html.erb within layouts/application (1.0ms)
Completed 200 OK in 13ms (Views: 12.0ms | ActiveRecord: 0.0ms)


Started GET "/assets/index.css?body=1" for 127.0.0.1 at 2013-05-30 18:54:59 +0200
Served asset /index.css - 304 Not Modified (0ms)


Started GET "/assets/jquery.js?body=1" for 127.0.0.1 at 2013-05-30 18:54:59 +0200
Served asset /jquery.js - 304 Not Modified (0ms)


Started GET "/assets/jquery_ujs.js?body=1" for 127.0.0.1 at 2013-05-30 18:54:59 +0200
Served asset /jquery_ujs.js - 304 Not Modified (0ms)


Started GET "/assets/application.css?body=1" for 127.0.0.1 at 2013-05-30 18:54:59 +0200
Served asset /application.css - 304 Not Modified (0ms)


Started GET "/assets/index.js?body=1" for 127.0.0.1 at 2013-05-30 18:54:59 +0200
Served asset /index.js - 304 Not Modified (0ms)


Started GET "/assets/application.js?body=1" for 127.0.0.1 at 2013-05-30 18:55:00 +0200
Served asset /application.js - 304 Not Modified (0ms)


Started GET "/index/index" for 127.0.0.1 at 2013-05-30 18:56:12 +0200
Processing by IndexController#index as HTML
  Rendered index/index.html.erb within layouts/application (1.0ms)
Completed 200 OK in 13ms (Views: 12.0ms | ActiveRecord: 0.0ms)


Started GET "/assets/application.css?body=1" for 127.0.0.1 at 2013-05-30 18:56:12 +0200
Served asset /application.css - 304 Not Modified (0ms)


Started GET "/assets/index.js?body=1" for 127.0.0.1 at 2013-05-30 18:56:12 +0200
Served asset /index.js - 304 Not Modified (0ms)


Started GET "/assets/index.css?body=1" for 127.0.0.1 at 2013-05-30 18:56:12 +0200
Served asset /index.css - 304 Not Modified (0ms)


Started GET "/assets/jquery.js?body=1" for 127.0.0.1 at 2013-05-30 18:56:12 +0200
Served asset /jquery.js - 304 Not Modified (0ms)


Started GET "/assets/jquery_ujs.js?body=1" for 127.0.0.1 at 2013-05-30 18:56:12 +0200
Served asset /jquery_ujs.js - 304 Not Modified (0ms)


Started GET "/assets/application.js?body=1" for 127.0.0.1 at 2013-05-30 18:56:13 +0200
Served asset /application.js - 304 Not Modified (0ms)


Started GET "/index/index" for 127.0.0.1 at 2013-05-30 19:02:00 +0200
Processing by IndexController#index as HTML
  Rendered index/index.html.erb within layouts/application (1.0ms)
Completed 200 OK in 13ms (Views: 12.0ms | ActiveRecord: 0.0ms)


Started GET "/assets/index.css?body=1" for 127.0.0.1 at 2013-05-30 19:02:00 +0200
Served asset /index.css - 304 Not Modified (0ms)


Started GET "/assets/index.js?body=1" for 127.0.0.1 at 2013-05-30 19:02:00 +0200
Served asset /index.js - 304 Not Modified (0ms)


Started GET "/assets/application.css?body=1" for 127.0.0.1 at 2013-05-30 19:02:00 +0200
Served asset /application.css - 304 Not Modified (0ms)


Started GET "/assets/jquery_ujs.js?body=1" for 127.0.0.1 at 2013-05-30 19:02:00 +0200
Served asset /jquery_ujs.js - 304 Not Modified (0ms)


Started GET "/assets/jquery.js?body=1" for 127.0.0.1 at 2013-05-30 19:02:00 +0200
Served asset /jquery.js - 304 Not Modified (0ms)


Started GET "/assets/application.js?body=1" for 127.0.0.1 at 2013-05-30 19:02:00 +0200
Served asset /application.js - 304 Not Modified (0ms)


Started GET "/index/index" for 127.0.0.1 at 2013-05-30 19:16:25 +0200
Processing by IndexController#index as HTML
  Rendered index/index.html.erb within layouts/application (0.0ms)
Completed 200 OK in 12ms (Views: 12.0ms | ActiveRecord: 0.0ms)


Started GET "/assets/application.css?body=1" for 127.0.0.1 at 2013-05-30 19:16:25 +0200
Served asset /application.css - 304 Not Modified (0ms)


Started GET "/assets/index.css?body=1" for 127.0.0.1 at 2013-05-30 19:16:25 +0200
Served asset /index.css - 304 Not Modified (0ms)


Started GET "/assets/jquery_ujs.js?body=1" for 127.0.0.1 at 2013-05-30 19:16:25 +0200
Served asset /jquery_ujs.js - 304 Not Modified (0ms)


Started GET "/assets/jquery.js?body=1" for 127.0.0.1 at 2013-05-30 19:16:25 +0200
Served asset /jquery.js - 304 Not Modified (0ms)


Started GET "/assets/index.js?body=1" for 127.0.0.1 at 2013-05-30 19:16:26 +0200
Served asset /index.js - 304 Not Modified (0ms)


Started GET "/assets/application.js?body=1" for 127.0.0.1 at 2013-05-30 19:16:26 +0200
Served asset /application.js - 304 Not Modified (0ms)


Started GET "/index/index" for 127.0.0.1 at 2013-05-30 19:17:43 +0200
Processing by IndexController#index as HTML
  Rendered index/index.html.erb within layouts/application (0.0ms)
Completed 200 OK in 11ms (Views: 11.0ms | ActiveRecord: 0.0ms)


Started GET "/assets/jquery.js?body=1" for 127.0.0.1 at 2013-05-30 19:17:44 +0200
Served asset /jquery.js - 304 Not Modified (0ms)


Started GET "/assets/jquery_ujs.js?body=1" for 127.0.0.1 at 2013-05-30 19:17:44 +0200
Served asset /jquery_ujs.js - 304 Not Modified (0ms)


Started GET "/assets/index.css?body=1" for 127.0.0.1 at 2013-05-30 19:17:44 +0200
Served asset /index.css - 304 Not Modified (0ms)


Started GET "/assets/application.css?body=1" for 127.0.0.1 at 2013-05-30 19:17:44 +0200
Served asset /application.css - 304 Not Modified (1ms)


Started GET "/assets/index.js?body=1" for 127.0.0.1 at 2013-05-30 19:17:44 +0200
Served asset /index.js - 304 Not Modified (0ms)


Started GET "/assets/application.js?body=1" for 127.0.0.1 at 2013-05-30 19:17:44 +0200
Served asset /application.js - 304 Not Modified (0ms)


Started GET "/index/index" for 127.0.0.1 at 2013-05-30 19:18:51 +0200
Processing by IndexController#index as HTML
  Rendered index/index.html.erb within layouts/application (0.0ms)
Completed 200 OK in 12ms (Views: 11.0ms | ActiveRecord: 0.0ms)


Started GET "/assets/index.css?body=1" for 127.0.0.1 at 2013-05-30 19:18:51 +0200
Served asset /index.css - 304 Not Modified (0ms)


Started GET "/assets/application.css?body=1" for 127.0.0.1 at 2013-05-30 19:18:51 +0200
Served asset /application.css - 304 Not Modified (0ms)


Started GET "/assets/jquery.js?body=1" for 127.0.0.1 at 2013-05-30 19:18:51 +0200
Served asset /jquery.js - 304 Not Modified (0ms)


Started GET "/assets/jquery_ujs.js?body=1" for 127.0.0.1 at 2013-05-30 19:18:51 +0200
Served asset /jquery_ujs.js - 304 Not Modified (0ms)


Started GET "/assets/index.js?body=1" for 127.0.0.1 at 2013-05-30 19:18:51 +0200
Served asset /index.js - 304 Not Modified (0ms)


Started GET "/assets/application.js?body=1" for 127.0.0.1 at 2013-05-30 19:18:51 +0200
Served asset /application.js - 304 Not Modified (0ms)


Started GET "/index/index" for 127.0.0.1 at 2013-05-30 19:19:02 +0200
Processing by IndexController#index as HTML
  Rendered index/index.html.erb within layouts/application (0.0ms)
Completed 200 OK in 11ms (Views: 11.0ms | ActiveRecord: 0.0ms)


Started GET "/assets/application.css?body=1" for 127.0.0.1 at 2013-05-30 19:19:02 +0200
Served asset /application.css - 304 Not Modified (0ms)


Started GET "/assets/index.css?body=1" for 127.0.0.1 at 2013-05-30 19:19:03 +0200
Served asset /index.css - 304 Not Modified (0ms)


Started GET "/assets/jquery.js?body=1" for 127.0.0.1 at 2013-05-30 19:19:03 +0200
Served asset /jquery.js - 304 Not Modified (0ms)


Started GET "/assets/jquery_ujs.js?body=1" for 127.0.0.1 at 2013-05-30 19:19:03 +0200
Served asset /jquery_ujs.js - 304 Not Modified (0ms)


Started GET "/assets/index.js?body=1" for 127.0.0.1 at 2013-05-30 19:19:03 +0200
Served asset /index.js - 304 Not Modified (0ms)


Started GET "/assets/application.js?body=1" for 127.0.0.1 at 2013-05-30 19:19:03 +0200
Served asset /application.js - 304 Not Modified (0ms)


Started GET "/index/index" for 127.0.0.1 at 2013-05-30 19:19:32 +0200
Processing by IndexController#index as HTML
  Rendered index/index.html.erb within layouts/application (0.0ms)
Completed 200 OK in 11ms (Views: 11.0ms | ActiveRecord: 0.0ms)


Started GET "/assets/application.css?body=1" for 127.0.0.1 at 2013-05-30 19:19:33 +0200
Served asset /application.css - 304 Not Modified (0ms)


Started GET "/assets/index.css?body=1" for 127.0.0.1 at 2013-05-30 19:19:33 +0200
Served asset /index.css - 304 Not Modified (0ms)


Started GET "/assets/jquery.js?body=1" for 127.0.0.1 at 2013-05-30 19:19:33 +0200
Served asset /jquery.js - 304 Not Modified (0ms)


Started GET "/assets/jquery_ujs.js?body=1" for 127.0.0.1 at 2013-05-30 19:19:33 +0200
Served asset /jquery_ujs.js - 304 Not Modified (0ms)


Started GET "/assets/index.js?body=1" for 127.0.0.1 at 2013-05-30 19:19:33 +0200
Served asset /index.js - 304 Not Modified (0ms)


Started GET "/assets/application.js?body=1" for 127.0.0.1 at 2013-05-30 19:19:33 +0200
Served asset /application.js - 304 Not Modified (0ms)


Started GET "/index/index" for 127.0.0.1 at 2013-05-30 19:19:43 +0200
Processing by IndexController#index as HTML
  Rendered index/index.html.erb within layouts/application (0.0ms)
Completed 200 OK in 11ms (Views: 11.0ms | ActiveRecord: 0.0ms)


Started GET "/assets/application.css?body=1" for 127.0.0.1 at 2013-05-30 19:19:43 +0200
Served asset /application.css - 304 Not Modified (0ms)


Started GET "/assets/index.css?body=1" for 127.0.0.1 at 2013-05-30 19:19:43 +0200
Served asset /index.css - 304 Not Modified (0ms)


Started GET "/assets/jquery.js?body=1" for 127.0.0.1 at 2013-05-30 19:19:43 +0200
Served asset /jquery.js - 304 Not Modified (0ms)


Started GET "/assets/jquery_ujs.js?body=1" for 127.0.0.1 at 2013-05-30 19:19:43 +0200
Served asset /jquery_ujs.js - 304 Not Modified (0ms)


Started GET "/assets/index.js?body=1" for 127.0.0.1 at 2013-05-30 19:19:43 +0200
Served asset /index.js - 304 Not Modified (0ms)


Started GET "/assets/application.js?body=1" for 127.0.0.1 at 2013-05-30 19:19:43 +0200
Served asset /application.js - 304 Not Modified (0ms)


Started GET "/index/index" for 127.0.0.1 at 2013-05-30 19:20:06 +0200
Processing by IndexController#index as HTML
  Rendered index/index.html.erb within layouts/application (0.0ms)
Completed 200 OK in 5ms (Views: 5.0ms | ActiveRecord: 0.0ms)


Started GET "/assets/application.css?body=1" for 127.0.0.1 at 2013-05-30 19:20:06 +0200
Served asset /application.css - 304 Not Modified (0ms)


Started GET "/assets/jquery.js?body=1" for 127.0.0.1 at 2013-05-30 19:20:06 +0200
Served asset /jquery.js - 304 Not Modified (0ms)


Started GET "/assets/index.css?body=1" for 127.0.0.1 at 2013-05-30 19:20:06 +0200
Served asset /index.css - 304 Not Modified (0ms)


Started GET "/assets/jquery_ujs.js?body=1" for 127.0.0.1 at 2013-05-30 19:20:06 +0200
Served asset /jquery_ujs.js - 304 Not Modified (0ms)


Started GET "/assets/index.js?body=1" for 127.0.0.1 at 2013-05-30 19:20:06 +0200
Served asset /index.js - 304 Not Modified (0ms)


Started GET "/assets/application.js?body=1" for 127.0.0.1 at 2013-05-30 19:20:06 +0200
Served asset /application.js - 304 Not Modified (0ms)


Started GET "/index/index" for 127.0.0.1 at 2013-05-30 19:20:16 +0200
Processing by IndexController#index as HTML
  Rendered index/index.html.erb within layouts/application (0.0ms)
Completed 200 OK in 10ms (Views: 10.0ms | ActiveRecord: 0.0ms)


Started GET "/assets/application.css?body=1" for 127.0.0.1 at 2013-05-30 19:20:16 +0200
Served asset /application.css - 304 Not Modified (0ms)


Started GET "/assets/index.css?body=1" for 127.0.0.1 at 2013-05-30 19:20:16 +0200
Served asset /index.css - 304 Not Modified (0ms)


Started GET "/assets/jquery.js?body=1" for 127.0.0.1 at 2013-05-30 19:20:16 +0200
Served asset /jquery.js - 304 Not Modified (0ms)


Started GET "/assets/jquery_ujs.js?body=1" for 127.0.0.1 at 2013-05-30 19:20:16 +0200
Served asset /jquery_ujs.js - 304 Not Modified (0ms)


Started GET "/assets/index.js?body=1" for 127.0.0.1 at 2013-05-30 19:20:16 +0200
Served asset /index.js - 304 Not Modified (0ms)


Started GET "/assets/application.js?body=1" for 127.0.0.1 at 2013-05-30 19:20:16 +0200
Served asset /application.js - 304 Not Modified (0ms)


Started GET "/index/index" for 127.0.0.1 at 2013-05-30 19:20:23 +0200
Processing by IndexController#index as HTML
  Rendered index/index.html.erb within layouts/application (0.0ms)
Completed 200 OK in 11ms (Views: 11.0ms | ActiveRecord: 0.0ms)


Started GET "/assets/application.css?body=1" for 127.0.0.1 at 2013-05-30 19:20:24 +0200
Served asset /application.css - 304 Not Modified (0ms)


Started GET "/assets/index.css?body=1" for 127.0.0.1 at 2013-05-30 19:20:24 +0200
Served asset /index.css - 304 Not Modified (0ms)


Started GET "/assets/jquery.js?body=1" for 127.0.0.1 at 2013-05-30 19:20:24 +0200
Served asset /jquery.js - 304 Not Modified (0ms)


Started GET "/assets/jquery_ujs.js?body=1" for 127.0.0.1 at 2013-05-30 19:20:24 +0200
Served asset /jquery_ujs.js - 304 Not Modified (0ms)


Started GET "/assets/index.js?body=1" for 127.0.0.1 at 2013-05-30 19:20:24 +0200
Served asset /index.js - 304 Not Modified (0ms)


Started GET "/assets/application.js?body=1" for 127.0.0.1 at 2013-05-30 19:20:24 +0200
Served asset /application.js - 304 Not Modified (0ms)


Started GET "/index/index" for 127.0.0.1 at 2013-05-30 19:20:30 +0200
Processing by IndexController#index as HTML
  Rendered index/index.html.erb within layouts/application (0.0ms)
Completed 200 OK in 11ms (Views: 11.0ms | ActiveRecord: 0.0ms)


Started GET "/assets/application.css?body=1" for 127.0.0.1 at 2013-05-30 19:20:30 +0200
Served asset /application.css - 304 Not Modified (0ms)


Started GET "/assets/index.css?body=1" for 127.0.0.1 at 2013-05-30 19:20:30 +0200
Served asset /index.css - 304 Not Modified (0ms)


Started GET "/assets/jquery.js?body=1" for 127.0.0.1 at 2013-05-30 19:20:30 +0200
Served asset /jquery.js - 304 Not Modified (0ms)


Started GET "/assets/jquery_ujs.js?body=1" for 127.0.0.1 at 2013-05-30 19:20:30 +0200
Served asset /jquery_ujs.js - 304 Not Modified (0ms)


Started GET "/assets/index.js?body=1" for 127.0.0.1 at 2013-05-30 19:20:30 +0200
Served asset /index.js - 304 Not Modified (0ms)


Started GET "/assets/application.js?body=1" for 127.0.0.1 at 2013-05-30 19:20:30 +0200
Served asset /application.js - 304 Not Modified (0ms)


Started GET "/index/index" for 127.0.0.1 at 2013-05-30 19:21:56 +0200
Processing by IndexController#index as HTML
  Rendered index/index.html.erb within layouts/application (0.0ms)
Completed 200 OK in 22ms (Views: 22.0ms | ActiveRecord: 0.0ms)


Started GET "/assets/application.css?body=1" for 127.0.0.1 at 2013-05-30 19:21:56 +0200
Served asset /application.css - 304 Not Modified (0ms)


Started GET "/assets/jquery_ujs.js?body=1" for 127.0.0.1 at 2013-05-30 19:21:56 +0200
Served asset /jquery_ujs.js - 304 Not Modified (0ms)


Started GET "/assets/jquery.js?body=1" for 127.0.0.1 at 2013-05-30 19:21:56 +0200
Served asset /jquery.js - 304 Not Modified (0ms)


Started GET "/assets/index.css?body=1" for 127.0.0.1 at 2013-05-30 19:21:56 +0200
Served asset /index.css - 304 Not Modified (0ms)


Started GET "/assets/index.js?body=1" for 127.0.0.1 at 2013-05-30 19:21:56 +0200
Served asset /index.js - 304 Not Modified (0ms)


Started GET "/assets/application.js?body=1" for 127.0.0.1 at 2013-05-30 19:21:56 +0200
Served asset /application.js - 304 Not Modified (0ms)


Started GET "/index/index" for 127.0.0.1 at 2013-05-30 19:22:12 +0200
Processing by IndexController#index as HTML
  Rendered index/index.html.erb within layouts/application (1.0ms)
Completed 200 OK in 11ms (Views: 11.0ms | ActiveRecord: 0.0ms)


Started GET "/assets/application.css?body=1" for 127.0.0.1 at 2013-05-30 19:22:12 +0200
Served asset /application.css - 304 Not Modified (1ms)


Started GET "/assets/index.css?body=1" for 127.0.0.1 at 2013-05-30 19:22:12 +0200
Served asset /index.css - 304 Not Modified (0ms)


Started GET "/assets/jquery.js?body=1" for 127.0.0.1 at 2013-05-30 19:22:12 +0200
Served asset /jquery.js - 304 Not Modified (0ms)


Started GET "/assets/jquery_ujs.js?body=1" for 127.0.0.1 at 2013-05-30 19:22:12 +0200
Served asset /jquery_ujs.js - 304 Not Modified (0ms)


Started GET "/assets/index.js?body=1" for 127.0.0.1 at 2013-05-30 19:22:12 +0200
Served asset /index.js - 304 Not Modified (0ms)


Started GET "/assets/application.js?body=1" for 127.0.0.1 at 2013-05-30 19:22:12 +0200
Served asset /application.js - 304 Not Modified (1ms)


Started GET "/index/index" for 127.0.0.1 at 2013-05-30 19:22:27 +0200
Processing by IndexController#index as HTML
  Rendered index/index.html.erb within layouts/application (1.0ms)
Completed 200 OK in 11ms (Views: 9.0ms | ActiveRecord: 0.0ms)


Started GET "/assets/application.css?body=1" for 127.0.0.1 at 2013-05-30 19:22:27 +0200
Served asset /application.css - 304 Not Modified (0ms)


Started GET "/assets/index.css?body=1" for 127.0.0.1 at 2013-05-30 19:22:27 +0200
Served asset /index.css - 304 Not Modified (0ms)


Started GET "/assets/jquery.js?body=1" for 127.0.0.1 at 2013-05-30 19:22:27 +0200
Served asset /jquery.js - 304 Not Modified (0ms)


Started GET "/assets/jquery_ujs.js?body=1" for 127.0.0.1 at 2013-05-30 19:22:27 +0200
Served asset /jquery_ujs.js - 304 Not Modified (0ms)


Started GET "/assets/index.js?body=1" for 127.0.0.1 at 2013-05-30 19:22:27 +0200
Served asset /index.js - 304 Not Modified (0ms)


Started GET "/assets/application.js?body=1" for 127.0.0.1 at 2013-05-30 19:22:27 +0200
Served asset /application.js - 304 Not Modified (0ms)


Started GET "/index/index" for 127.0.0.1 at 2013-05-30 19:27:53 +0200
Processing by IndexController#index as HTML
  Rendered index/index.html.erb within layouts/application (0.0ms)
Completed 200 OK in 11ms (Views: 11.0ms | ActiveRecord: 0.0ms)


Started GET "/assets/jquery_ujs.js?body=1" for 127.0.0.1 at 2013-05-30 19:27:53 +0200
Served asset /jquery_ujs.js - 304 Not Modified (0ms)


Started GET "/assets/jquery.js?body=1" for 127.0.0.1 at 2013-05-30 19:27:53 +0200
Served asset /jquery.js - 304 Not Modified (0ms)


Started GET "/assets/application.css?body=1" for 127.0.0.1 at 2013-05-30 19:27:53 +0200
Served asset /application.css - 304 Not Modified (0ms)


Started GET "/assets/index.js?body=1" for 127.0.0.1 at 2013-05-30 19:27:53 +0200
Served asset /index.js - 304 Not Modified (0ms)


Started GET "/assets/index.css?body=1" for 127.0.0.1 at 2013-05-30 19:27:53 +0200
Served asset /index.css - 304 Not Modified (0ms)


Started GET "/assets/application.js?body=1" for 127.0.0.1 at 2013-05-30 19:27:54 +0200
Served asset /application.js - 304 Not Modified (0ms)


Started GET "/index/index" for 127.0.0.1 at 2013-05-30 19:28:10 +0200
Processing by IndexController#index as HTML
  Rendered index/index.html.erb within layouts/application (1.0ms)
Completed 200 OK in 11ms (Views: 11.0ms | ActiveRecord: 0.0ms)


Started GET "/assets/index.css?body=1" for 127.0.0.1 at 2013-05-30 19:28:11 +0200
Served asset /index.css - 304 Not Modified (0ms)


Started GET "/assets/application.css?body=1" for 127.0.0.1 at 2013-05-30 19:28:11 +0200
Served asset /application.css - 304 Not Modified (0ms)


Started GET "/assets/jquery.js?body=1" for 127.0.0.1 at 2013-05-30 19:28:11 +0200
Served asset /jquery.js - 304 Not Modified (0ms)


Started GET "/assets/jquery_ujs.js?body=1" for 127.0.0.1 at 2013-05-30 19:28:11 +0200
Served asset /jquery_ujs.js - 304 Not Modified (0ms)


Started GET "/assets/index.js?body=1" for 127.0.0.1 at 2013-05-30 19:28:11 +0200
Served asset /index.js - 304 Not Modified (0ms)


Started GET "/assets/application.js?body=1" for 127.0.0.1 at 2013-05-30 19:28:11 +0200
Served asset /application.js - 304 Not Modified (0ms)


Started GET "/index/index" for 127.0.0.1 at 2013-05-30 19:28:38 +0200
Processing by IndexController#index as HTML
  Rendered index/index.html.erb within layouts/application (0.0ms)
Completed 200 OK in 11ms (Views: 11.0ms | ActiveRecord: 0.0ms)


Started GET "/assets/application.css?body=1" for 127.0.0.1 at 2013-05-30 19:28:39 +0200
Served asset /application.css - 304 Not Modified (0ms)


Started GET "/assets/index.css?body=1" for 127.0.0.1 at 2013-05-30 19:28:39 +0200
Served asset /index.css - 304 Not Modified (0ms)


Started GET "/assets/jquery.js?body=1" for 127.0.0.1 at 2013-05-30 19:28:39 +0200
Served asset /jquery.js - 304 Not Modified (0ms)


Started GET "/assets/jquery_ujs.js?body=1" for 127.0.0.1 at 2013-05-30 19:28:39 +0200
Served asset /jquery_ujs.js - 304 Not Modified (0ms)


Started GET "/assets/index.js?body=1" for 127.0.0.1 at 2013-05-30 19:28:39 +0200
Served asset /index.js - 304 Not Modified (0ms)


Started GET "/assets/application.js?body=1" for 127.0.0.1 at 2013-05-30 19:28:39 +0200
Served asset /application.js - 304 Not Modified (0ms)


Started GET "/" for 127.0.0.1 at 2013-05-30 19:28:43 +0200

ActionController::RoutingError (No route matches [GET] "/"):
  actionpack (3.2.13) lib/action_dispatch/middleware/debug_exceptions.rb:21:in `call'
  actionpack (3.2.13) lib/action_dispatch/middleware/show_exceptions.rb:56:in `call'
  railties (3.2.13) lib/rails/rack/logger.rb:32:in `call_app'
  railties (3.2.13) lib/rails/rack/logger.rb:16:in `block in call'
  activesupport (3.2.13) lib/active_support/tagged_logging.rb:22:in `tagged'
  railties (3.2.13) lib/rails/rack/logger.rb:16:in `call'
  actionpack (3.2.13) lib/action_dispatch/middleware/request_id.rb:22:in `call'
  rack (1.4.5) lib/rack/methodoverride.rb:21:in `call'
  rack (1.4.5) lib/rack/runtime.rb:17:in `call'
  activesupport (3.2.13) lib/active_support/cache/strategy/local_cache.rb:72:in `call'
  rack (1.4.5) lib/rack/lock.rb:15:in `call'
  actionpack (3.2.13) lib/action_dispatch/middleware/static.rb:63:in `call'
  railties (3.2.13) lib/rails/engine.rb:479:in `call'
  railties (3.2.13) lib/rails/application.rb:223:in `call'
  rack (1.4.5) lib/rack/content_length.rb:14:in `call'
  railties (3.2.13) lib/rails/rack/log_tailer.rb:17:in `call'
  rack (1.4.5) lib/rack/handler/webrick.rb:59:in `service'
  c:/RailsInstaller/Ruby1.9.3/lib/ruby/1.9.1/webrick/httpserver.rb:138:in `service'
  c:/RailsInstaller/Ruby1.9.3/lib/ruby/1.9.1/webrick/httpserver.rb:94:in `run'
  c:/RailsInstaller/Ruby1.9.3/lib/ruby/1.9.1/webrick/server.rb:191:in `block in start_thread'


  Rendered c:/RailsInstaller/Ruby1.9.3/lib/ruby/gems/1.9.1/gems/actionpack-3.2.13/lib/action_dispatch/middleware/templates/rescues/routing_error.erb within rescues/layout (0.0ms)


Started GET "/index/index" for 127.0.0.1 at 2013-05-30 19:30:29 +0200
Processing by IndexController#index as HTML
  Rendered index/index.html.erb within layouts/application (0.0ms)
Completed 200 OK in 12ms (Views: 12.0ms | ActiveRecord: 0.0ms)


Started GET "/assets/jquery.js?body=1" for 127.0.0.1 at 2013-05-30 19:30:30 +0200
Served asset /jquery.js - 304 Not Modified (0ms)


Started GET "/assets/jquery_ujs.js?body=1" for 127.0.0.1 at 2013-05-30 19:30:30 +0200
Served asset /jquery_ujs.js - 304 Not Modified (0ms)


Started GET "/assets/application.css?body=1" for 127.0.0.1 at 2013-05-30 19:30:30 +0200
Served asset /application.css - 304 Not Modified (0ms)


Started GET "/assets/index.css?body=1" for 127.0.0.1 at 2013-05-30 19:30:30 +0200
Served asset /index.css - 304 Not Modified (0ms)


Started GET "/assets/index.js?body=1" for 127.0.0.1 at 2013-05-30 19:30:30 +0200
Served asset /index.js - 304 Not Modified (0ms)


Started GET "/assets/application.js?body=1" for 127.0.0.1 at 2013-05-30 19:30:30 +0200
Served asset /application.js - 304 Not Modified (0ms)


Started GET "/javascript/views/home.view.js?bust=1369935030750" for 127.0.0.1 at 2013-05-30 19:30:31 +0200

ActionController::RoutingError (No route matches [GET] "/javascript/views/home.view.js"):
  actionpack (3.2.13) lib/action_dispatch/middleware/debug_exceptions.rb:21:in `call'
  actionpack (3.2.13) lib/action_dispatch/middleware/show_exceptions.rb:56:in `call'
  railties (3.2.13) lib/rails/rack/logger.rb:32:in `call_app'
  railties (3.2.13) lib/rails/rack/logger.rb:16:in `block in call'
  activesupport (3.2.13) lib/active_support/tagged_logging.rb:22:in `tagged'
  railties (3.2.13) lib/rails/rack/logger.rb:16:in `call'
  actionpack (3.2.13) lib/action_dispatch/middleware/request_id.rb:22:in `call'
  rack (1.4.5) lib/rack/methodoverride.rb:21:in `call'
  rack (1.4.5) lib/rack/runtime.rb:17:in `call'
  activesupport (3.2.13) lib/active_support/cache/strategy/local_cache.rb:72:in `call'
  rack (1.4.5) lib/rack/lock.rb:15:in `call'
  actionpack (3.2.13) lib/action_dispatch/middleware/static.rb:63:in `call'
  railties (3.2.13) lib/rails/engine.rb:479:in `call'
  railties (3.2.13) lib/rails/application.rb:223:in `call'
  rack (1.4.5) lib/rack/content_length.rb:14:in `call'
  railties (3.2.13) lib/rails/rack/log_tailer.rb:17:in `call'
  rack (1.4.5) lib/rack/handler/webrick.rb:59:in `service'
  c:/RailsInstaller/Ruby1.9.3/lib/ruby/1.9.1/webrick/httpserver.rb:138:in `service'
  c:/RailsInstaller/Ruby1.9.3/lib/ruby/1.9.1/webrick/httpserver.rb:94:in `run'
  c:/RailsInstaller/Ruby1.9.3/lib/ruby/1.9.1/webrick/server.rb:191:in `block in start_thread'


  Rendered c:/RailsInstaller/Ruby1.9.3/lib/ruby/gems/1.9.1/gems/actionpack-3.2.13/lib/action_dispatch/middleware/templates/rescues/routing_error.erb within rescues/layout (0.0ms)


Started GET "/index/index" for 127.0.0.1 at 2013-05-30 19:31:10 +0200
Processing by IndexController#index as HTML
  Rendered index/index.html.erb within layouts/application (0.0ms)
Completed 200 OK in 12ms (Views: 12.0ms | ActiveRecord: 0.0ms)


Started GET "/assets/application.css?body=1" for 127.0.0.1 at 2013-05-30 19:31:10 +0200
Served asset /application.css - 304 Not Modified (0ms)


Started GET "/assets/index.css?body=1" for 127.0.0.1 at 2013-05-30 19:31:10 +0200
Served asset /index.css - 304 Not Modified (0ms)


Started GET "/assets/index.js?body=1" for 127.0.0.1 at 2013-05-30 19:31:10 +0200
Served asset /index.js - 304 Not Modified (0ms)


Started GET "/assets/jquery_ujs.js?body=1" for 127.0.0.1 at 2013-05-30 19:31:10 +0200
Served asset /jquery_ujs.js - 304 Not Modified (0ms)


Started GET "/assets/jquery.js?body=1" for 127.0.0.1 at 2013-05-30 19:31:10 +0200
Served asset /jquery.js - 304 Not Modified (0ms)


Started GET "/assets/application.js?body=1" for 127.0.0.1 at 2013-05-30 19:31:10 +0200
Served asset /application.js - 304 Not Modified (0ms)


Started GET "/index/index" for 127.0.0.1 at 2013-05-30 19:31:59 +0200
Processing by IndexController#index as HTML
  Rendered index/index.html.erb within layouts/application (0.0ms)
Completed 200 OK in 6ms (Views: 6.0ms | ActiveRecord: 0.0ms)


Started GET "/assets/jquery_ujs.js?body=1" for 127.0.0.1 at 2013-05-30 19:31:59 +0200
Served asset /jquery_ujs.js - 304 Not Modified (0ms)


Started GET "/assets/jquery.js?body=1" for 127.0.0.1 at 2013-05-30 19:31:59 +0200
Served asset /jquery.js - 304 Not Modified (0ms)


Started GET "/assets/index.css?body=1" for 127.0.0.1 at 2013-05-30 19:31:59 +0200
Served asset /index.css - 304 Not Modified (0ms)


Started GET "/assets/application.css?body=1" for 127.0.0.1 at 2013-05-30 19:31:59 +0200
Served asset /application.css - 304 Not Modified (1ms)


Started GET "/assets/index.js?body=1" for 127.0.0.1 at 2013-05-30 19:32:00 +0200
Served asset /index.js - 304 Not Modified (0ms)


Started GET "/assets/application.js?body=1" for 127.0.0.1 at 2013-05-30 19:32:00 +0200
Served asset /application.js - 304 Not Modified (0ms)


Started GET "/index/index" for 127.0.0.1 at 2013-05-30 19:42:09 +0200
Processing by IndexController#index as HTML
  Rendered index/index.html.erb within layouts/application (0.0ms)
Completed 200 OK in 5ms (Views: 5.0ms | ActiveRecord: 0.0ms)


Started GET "/assets/application.css?body=1" for 127.0.0.1 at 2013-05-30 19:42:10 +0200
Served asset /application.css - 304 Not Modified (0ms)


Started GET "/assets/jquery.js?body=1" for 127.0.0.1 at 2013-05-30 19:42:10 +0200
Served asset /jquery.js - 304 Not Modified (1ms)


Started GET "/assets/index.css?body=1" for 127.0.0.1 at 2013-05-30 19:42:10 +0200
Served asset /index.css - 304 Not Modified (0ms)


Started GET "/assets/jquery_ujs.js?body=1" for 127.0.0.1 at 2013-05-30 19:42:10 +0200
Served asset /jquery_ujs.js - 304 Not Modified (0ms)


Started GET "/assets/index.js?body=1" for 127.0.0.1 at 2013-05-30 19:42:10 +0200
Served asset /index.js - 304 Not Modified (0ms)


Started GET "/assets/application.js?body=1" for 127.0.0.1 at 2013-05-30 19:42:10 +0200
Served asset /application.js - 304 Not Modified (1ms)


Started GET "/index/index" for 127.0.0.1 at 2013-05-30 19:43:07 +0200
Processing by IndexController#index as HTML
  Rendered index/index.html.erb within layouts/application (0.0ms)
Completed 200 OK in 12ms (Views: 11.0ms | ActiveRecord: 0.0ms)


Started GET "/assets/jquery.js?body=1" for 127.0.0.1 at 2013-05-30 19:43:07 +0200
Served asset /jquery.js - 200 OK (0ms)


Started GET "/assets/index.css?body=1" for 127.0.0.1 at 2013-05-30 19:43:07 +0200
Served asset /index.css - 200 OK (0ms)


Started GET "/assets/application.css?body=1" for 127.0.0.1 at 2013-05-30 19:43:07 +0200
Served asset /application.css - 200 OK (0ms)


Started GET "/assets/jquery_ujs.js?body=1" for 127.0.0.1 at 2013-05-30 19:43:07 +0200
Served asset /jquery_ujs.js - 200 OK (0ms)


Started GET "/assets/index.js?body=1" for 127.0.0.1 at 2013-05-30 19:43:07 +0200
Served asset /index.js - 200 OK (0ms)


Started GET "/assets/application.js?body=1" for 127.0.0.1 at 2013-05-30 19:43:07 +0200
Served asset /application.js - 200 OK (0ms)


Started GET "/index/index" for 127.0.0.1 at 2013-05-30 19:43:22 +0200
Processing by IndexController#index as HTML
  Rendered index/index.html.erb within layouts/application (1.0ms)
Completed 200 OK in 11ms (Views: 11.0ms | ActiveRecord: 0.0ms)


Started GET "/assets/application.css?body=1" for 127.0.0.1 at 2013-05-30 19:43:22 +0200
Served asset /application.css - 200 OK (0ms)


Started GET "/assets/jquery_ujs.js?body=1" for 127.0.0.1 at 2013-05-30 19:43:22 +0200
Served asset /jquery_ujs.js - 200 OK (0ms)


Started GET "/assets/jquery.js?body=1" for 127.0.0.1 at 2013-05-30 19:43:22 +0200
Served asset /jquery.js - 200 OK (0ms)


Started GET "/assets/index.css?body=1" for 127.0.0.1 at 2013-05-30 19:43:22 +0200
Served asset /index.css - 200 OK (0ms)


Started GET "/assets/index.js?body=1" for 127.0.0.1 at 2013-05-30 19:43:22 +0200
Served asset /index.js - 200 OK (0ms)


Started GET "/assets/application.js?body=1" for 127.0.0.1 at 2013-05-30 19:43:22 +0200
Served asset /application.js - 200 OK (0ms)


Started GET "/index/index" for 127.0.0.1 at 2013-05-30 19:43:48 +0200
Processing by IndexController#index as HTML
  Rendered index/index.html.erb within layouts/application (0.0ms)
Completed 200 OK in 11ms (Views: 11.0ms | ActiveRecord: 0.0ms)


Started GET "/assets/index.js?body=1" for 127.0.0.1 at 2013-05-30 19:43:48 +0200
Served asset /index.js - 200 OK (0ms)


Started GET "/assets/jquery_ujs.js?body=1" for 127.0.0.1 at 2013-05-30 19:43:48 +0200
Served asset /jquery_ujs.js - 200 OK (0ms)


Started GET "/assets/jquery.js?body=1" for 127.0.0.1 at 2013-05-30 19:43:48 +0200
Served asset /jquery.js - 200 OK (0ms)


Started GET "/assets/application.css?body=1" for 127.0.0.1 at 2013-05-30 19:43:48 +0200
Served asset /application.css - 200 OK (0ms)


Started GET "/assets/index.css?body=1" for 127.0.0.1 at 2013-05-30 19:43:48 +0200
Served asset /index.css - 200 OK (0ms)


Started GET "/assets/application.js?body=1" for 127.0.0.1 at 2013-05-30 19:43:48 +0200
Served asset /application.js - 200 OK (0ms)


Started GET "/index/index" for 127.0.0.1 at 2013-05-30 19:43:58 +0200
Processing by IndexController#index as HTML
  Rendered index/index.html.erb within layouts/application (0.0ms)
Completed 200 OK in 7ms (Views: 7.0ms | ActiveRecord: 0.0ms)


Started GET "/assets/jquery.js?body=1" for 127.0.0.1 at 2013-05-30 19:43:58 +0200
Served asset /jquery.js - 200 OK (0ms)


Started GET "/assets/jquery_ujs.js?body=1" for 127.0.0.1 at 2013-05-30 19:43:58 +0200
Served asset /jquery_ujs.js - 200 OK (0ms)


Started GET "/assets/index.css?body=1" for 127.0.0.1 at 2013-05-30 19:43:58 +0200
Served asset /index.css - 200 OK (0ms)


Started GET "/assets/index.js?body=1" for 127.0.0.1 at 2013-05-30 19:43:58 +0200
Served asset /index.js - 200 OK (0ms)


Started GET "/assets/application.css?body=1" for 127.0.0.1 at 2013-05-30 19:43:58 +0200
Served asset /application.css - 200 OK (0ms)


Started GET "/assets/application.js?body=1" for 127.0.0.1 at 2013-05-30 19:43:58 +0200
Served asset /application.js - 200 OK (0ms)


Started GET "/index/index" for 127.0.0.1 at 2013-05-30 19:44:05 +0200
Processing by IndexController#index as HTML
  Rendered index/index.html.erb within layouts/application (0.0ms)
Completed 200 OK in 11ms (Views: 11.0ms | ActiveRecord: 0.0ms)


Started GET "/assets/index.css?body=1" for 127.0.0.1 at 2013-05-30 19:44:05 +0200
Served asset /index.css - 200 OK (0ms)


Started GET "/assets/jquery.js?body=1" for 127.0.0.1 at 2013-05-30 19:44:05 +0200
Served asset /jquery.js - 200 OK (0ms)


Started GET "/assets/jquery_ujs.js?body=1" for 127.0.0.1 at 2013-05-30 19:44:05 +0200
Served asset /jquery_ujs.js - 200 OK (0ms)


Started GET "/assets/application.js?body=1" for 127.0.0.1 at 2013-05-30 19:44:05 +0200
Served asset /application.js - 200 OK (0ms)


Started GET "/assets/application.css?body=1" for 127.0.0.1 at 2013-05-30 19:44:05 +0200
Served asset /application.css - 200 OK (0ms)


Started GET "/assets/index.js?body=1" for 127.0.0.1 at 2013-05-30 19:44:05 +0200
Served asset /index.js - 200 OK (0ms)


Started GET "/index/index" for 127.0.0.1 at 2013-05-30 19:44:31 +0200
Processing by IndexController#index as HTML
  Rendered index/index.html.erb within layouts/application (0.0ms)
Completed 200 OK in 28ms (Views: 27.0ms | ActiveRecord: 0.0ms)


Started GET "/assets/application.css?body=1" for 127.0.0.1 at 2013-05-30 19:44:31 +0200
Served asset /application.css - 200 OK (0ms)


Started GET "/assets/application.js?body=1" for 127.0.0.1 at 2013-05-30 19:44:31 +0200
Served asset /application.js - 200 OK (0ms)


Started GET "/assets/jquery_ujs.js?body=1" for 127.0.0.1 at 2013-05-30 19:44:31 +0200
Served asset /jquery_ujs.js - 200 OK (0ms)


Started GET "/assets/index.js?body=1" for 127.0.0.1 at 2013-05-30 19:44:31 +0200
Served asset /index.js - 200 OK (0ms)


Started GET "/assets/index.css?body=1" for 127.0.0.1 at 2013-05-30 19:44:31 +0200
Served asset /index.css - 200 OK (0ms)


Started GET "/assets/jquery.js?body=1" for 127.0.0.1 at 2013-05-30 19:44:31 +0200
Served asset /jquery.js - 200 OK (0ms)


Started GET "/index/index" for 127.0.0.1 at 2013-05-30 19:44:59 +0200
Processing by IndexController#index as HTML
  Rendered index/index.html.erb within layouts/application (0.0ms)
Completed 200 OK in 10ms (Views: 10.0ms | ActiveRecord: 0.0ms)


Started GET "/assets/application.css?body=1" for 127.0.0.1 at 2013-05-30 19:44:59 +0200
Served asset /application.css - 200 OK (0ms)


Started GET "/assets/jquery.js?body=1" for 127.0.0.1 at 2013-05-30 19:44:59 +0200
Served asset /jquery.js - 200 OK (0ms)


Started GET "/assets/jquery_ujs.js?body=1" for 127.0.0.1 at 2013-05-30 19:44:59 +0200
Served asset /jquery_ujs.js - 200 OK (0ms)


Started GET "/assets/index.css?body=1" for 127.0.0.1 at 2013-05-30 19:44:59 +0200
Served asset /index.css - 200 OK (0ms)


Started GET "/assets/index.js?body=1" for 127.0.0.1 at 2013-05-30 19:44:59 +0200
Served asset /index.js - 200 OK (0ms)


Started GET "/assets/application.js?body=1" for 127.0.0.1 at 2013-05-30 19:44:59 +0200
Served asset /application.js - 200 OK (0ms)


Started GET "/index/index" for 127.0.0.1 at 2013-05-30 19:46:13 +0200
Processing by IndexController#index as HTML
  Rendered index/index.html.erb within layouts/application (0.0ms)
Completed 200 OK in 11ms (Views: 11.0ms | ActiveRecord: 0.0ms)


Started GET "/assets/application.css?body=1" for 127.0.0.1 at 2013-05-30 19:46:13 +0200
Served asset /application.css - 200 OK (0ms)


Started GET "/assets/jquery_ujs.js?body=1" for 127.0.0.1 at 2013-05-30 19:46:13 +0200
Served asset /jquery_ujs.js - 200 OK (0ms)


Started GET "/assets/application.js?body=1" for 127.0.0.1 at 2013-05-30 19:46:13 +0200
Served asset /application.js - 200 OK (0ms)


Started GET "/assets/jquery.js?body=1" for 127.0.0.1 at 2013-05-30 19:46:13 +0200
Served asset /jquery.js - 200 OK (0ms)


Started GET "/assets/index.js?body=1" for 127.0.0.1 at 2013-05-30 19:46:13 +0200
Served asset /index.js - 200 OK (0ms)


Started GET "/assets/index.css?body=1" for 127.0.0.1 at 2013-05-30 19:46:13 +0200
Served asset /index.css - 200 OK (0ms)


Started GET "/index/index" for 127.0.0.1 at 2013-05-30 19:46:16 +0200
Processing by IndexController#index as HTML
  Rendered index/index.html.erb within layouts/application (0.0ms)
Completed 200 OK in 11ms (Views: 11.0ms | ActiveRecord: 0.0ms)


Started GET "/assets/application.css?body=1" for 127.0.0.1 at 2013-05-30 19:46:16 +0200
Served asset /application.css - 200 OK (0ms)


Started GET "/assets/index.js?body=1" for 127.0.0.1 at 2013-05-30 19:46:16 +0200
Served asset /index.js - 200 OK (0ms)


Started GET "/assets/jquery.js?body=1" for 127.0.0.1 at 2013-05-30 19:46:16 +0200
Served asset /jquery.js - 200 OK (0ms)


Started GET "/assets/index.css?body=1" for 127.0.0.1 at 2013-05-30 19:46:16 +0200
Served asset /index.css - 200 OK (0ms)


Started GET "/assets/application.js?body=1" for 127.0.0.1 at 2013-05-30 19:46:16 +0200
Served asset /application.js - 200 OK (0ms)


Started GET "/assets/jquery_ujs.js?body=1" for 127.0.0.1 at 2013-05-30 19:46:16 +0200
Served asset /jquery_ujs.js - 200 OK (0ms)


Started GET "/javascript/views/homeview.js?bust=1369935976547" for 127.0.0.1 at 2013-05-30 19:46:16 +0200

ActionController::RoutingError (No route matches [GET] "/javascript/views/homeview.js"):
  actionpack (3.2.13) lib/action_dispatch/middleware/debug_exceptions.rb:21:in `call'
  actionpack (3.2.13) lib/action_dispatch/middleware/show_exceptions.rb:56:in `call'
  railties (3.2.13) lib/rails/rack/logger.rb:32:in `call_app'
  railties (3.2.13) lib/rails/rack/logger.rb:16:in `block in call'
  activesupport (3.2.13) lib/active_support/tagged_logging.rb:22:in `tagged'
  railties (3.2.13) lib/rails/rack/logger.rb:16:in `call'
  actionpack (3.2.13) lib/action_dispatch/middleware/request_id.rb:22:in `call'
  rack (1.4.5) lib/rack/methodoverride.rb:21:in `call'
  rack (1.4.5) lib/rack/runtime.rb:17:in `call'
  activesupport (3.2.13) lib/active_support/cache/strategy/local_cache.rb:72:in `call'
  rack (1.4.5) lib/rack/lock.rb:15:in `call'
  actionpack (3.2.13) lib/action_dispatch/middleware/static.rb:63:in `call'
  railties (3.2.13) lib/rails/engine.rb:479:in `call'
  railties (3.2.13) lib/rails/application.rb:223:in `call'
  rack (1.4.5) lib/rack/content_length.rb:14:in `call'
  railties (3.2.13) lib/rails/rack/log_tailer.rb:17:in `call'
  rack (1.4.5) lib/rack/handler/webrick.rb:59:in `service'
  c:/RailsInstaller/Ruby1.9.3/lib/ruby/1.9.1/webrick/httpserver.rb:138:in `service'
  c:/RailsInstaller/Ruby1.9.3/lib/ruby/1.9.1/webrick/httpserver.rb:94:in `run'
  c:/RailsInstaller/Ruby1.9.3/lib/ruby/1.9.1/webrick/server.rb:191:in `block in start_thread'


  Rendered c:/RailsInstaller/Ruby1.9.3/lib/ruby/gems/1.9.1/gems/actionpack-3.2.13/lib/action_dispatch/middleware/templates/rescues/routing_error.erb within rescues/layout (0.0ms)


Started GET "/index/index" for 127.0.0.1 at 2013-05-30 19:46:58 +0200
Processing by IndexController#index as HTML
  Rendered index/index.html.erb within layouts/application (0.0ms)
Completed 200 OK in 9ms (Views: 9.0ms | ActiveRecord: 0.0ms)


Started GET "/assets/application.css?body=1" for 127.0.0.1 at 2013-05-30 19:46:58 +0200
Served asset /application.css - 200 OK (0ms)


Started GET "/assets/index.css?body=1" for 127.0.0.1 at 2013-05-30 19:46:58 +0200
Served asset /index.css - 200 OK (0ms)


Started GET "/assets/jquery.js?body=1" for 127.0.0.1 at 2013-05-30 19:46:58 +0200
Served asset /jquery.js - 200 OK (1ms)


Started GET "/assets/index.js?body=1" for 127.0.0.1 at 2013-05-30 19:46:58 +0200
Served asset /index.js - 200 OK (0ms)


Started GET "/assets/jquery_ujs.js?body=1" for 127.0.0.1 at 2013-05-30 19:46:58 +0200
Served asset /jquery_ujs.js - 200 OK (0ms)


Started GET "/assets/application.js?body=1" for 127.0.0.1 at 2013-05-30 19:46:58 +0200
Served asset /application.js - 200 OK (0ms)


Started GET "/index/" for 127.0.0.1 at 2013-05-30 19:47:14 +0200

ActionController::RoutingError (No route matches [GET] "/index"):
  actionpack (3.2.13) lib/action_dispatch/middleware/debug_exceptions.rb:21:in `call'
  actionpack (3.2.13) lib/action_dispatch/middleware/show_exceptions.rb:56:in `call'
  railties (3.2.13) lib/rails/rack/logger.rb:32:in `call_app'
  railties (3.2.13) lib/rails/rack/logger.rb:16:in `block in call'
  activesupport (3.2.13) lib/active_support/tagged_logging.rb:22:in `tagged'
  railties (3.2.13) lib/rails/rack/logger.rb:16:in `call'
  actionpack (3.2.13) lib/action_dispatch/middleware/request_id.rb:22:in `call'
  rack (1.4.5) lib/rack/methodoverride.rb:21:in `call'
  rack (1.4.5) lib/rack/runtime.rb:17:in `call'
  activesupport (3.2.13) lib/active_support/cache/strategy/local_cache.rb:72:in `call'
  rack (1.4.5) lib/rack/lock.rb:15:in `call'
  actionpack (3.2.13) lib/action_dispatch/middleware/static.rb:63:in `call'
  railties (3.2.13) lib/rails/engine.rb:479:in `call'
  railties (3.2.13) lib/rails/application.rb:223:in `call'
  rack (1.4.5) lib/rack/content_length.rb:14:in `call'
  railties (3.2.13) lib/rails/rack/log_tailer.rb:17:in `call'
  rack (1.4.5) lib/rack/handler/webrick.rb:59:in `service'
  c:/RailsInstaller/Ruby1.9.3/lib/ruby/1.9.1/webrick/httpserver.rb:138:in `service'
  c:/RailsInstaller/Ruby1.9.3/lib/ruby/1.9.1/webrick/httpserver.rb:94:in `run'
  c:/RailsInstaller/Ruby1.9.3/lib/ruby/1.9.1/webrick/server.rb:191:in `block in start_thread'


  Rendered c:/RailsInstaller/Ruby1.9.3/lib/ruby/gems/1.9.1/gems/actionpack-3.2.13/lib/action_dispatch/middleware/templates/rescues/routing_error.erb within rescues/layout (1.0ms)


Started GET "/index/index" for 127.0.0.1 at 2013-05-30 19:47:48 +0200
Processing by IndexController#index as HTML
  Rendered index/index.html.erb within layouts/application (0.0ms)
Completed 200 OK in 12ms (Views: 12.0ms | ActiveRecord: 0.0ms)


Started GET "/assets/index.css?body=1" for 127.0.0.1 at 2013-05-30 19:47:48 +0200
Served asset /index.css - 200 OK (0ms)


Started GET "/assets/jquery.js?body=1" for 127.0.0.1 at 2013-05-30 19:47:48 +0200
Served asset /jquery.js - 200 OK (0ms)


Started GET "/assets/application.css?body=1" for 127.0.0.1 at 2013-05-30 19:47:48 +0200
Served asset /application.css - 200 OK (0ms)


Started GET "/assets/jquery_ujs.js?body=1" for 127.0.0.1 at 2013-05-30 19:47:48 +0200
Served asset /jquery_ujs.js - 200 OK (0ms)


Started GET "/assets/index.js?body=1" for 127.0.0.1 at 2013-05-30 19:47:48 +0200
Served asset /index.js - 200 OK (0ms)


Started GET "/assets/application.js?body=1" for 127.0.0.1 at 2013-05-30 19:47:48 +0200
Served asset /application.js - 200 OK (0ms)


Started GET "/index/index" for 127.0.0.1 at 2013-05-30 19:48:01 +0200
Processing by IndexController#index as HTML
  Rendered index/index.html.erb within layouts/application (0.0ms)
Completed 200 OK in 5ms (Views: 5.0ms | ActiveRecord: 0.0ms)


Started GET "/assets/application.css?body=1" for 127.0.0.1 at 2013-05-30 19:48:01 +0200
Served asset /application.css - 200 OK (0ms)


Started GET "/assets/index.js?body=1" for 127.0.0.1 at 2013-05-30 19:48:01 +0200
Served asset /index.js - 200 OK (0ms)


Started GET "/assets/application.js?body=1" for 127.0.0.1 at 2013-05-30 19:48:01 +0200
Served asset /application.js - 200 OK (0ms)


Started GET "/assets/jquery.js?body=1" for 127.0.0.1 at 2013-05-30 19:48:01 +0200
Served asset /jquery.js - 200 OK (0ms)


Started GET "/assets/jquery_ujs.js?body=1" for 127.0.0.1 at 2013-05-30 19:48:01 +0200
Served asset /jquery_ujs.js - 200 OK (0ms)


Started GET "/assets/index.css?body=1" for 127.0.0.1 at 2013-05-30 19:48:01 +0200
Served asset /index.css - 200 OK (1ms)


Started GET "/index/index/otherview" for 127.0.0.1 at 2013-05-30 19:48:11 +0200

ActionController::RoutingError (No route matches [GET] "/index/index/otherview"):
  actionpack (3.2.13) lib/action_dispatch/middleware/debug_exceptions.rb:21:in `call'
  actionpack (3.2.13) lib/action_dispatch/middleware/show_exceptions.rb:56:in `call'
  railties (3.2.13) lib/rails/rack/logger.rb:32:in `call_app'
  railties (3.2.13) lib/rails/rack/logger.rb:16:in `block in call'
  activesupport (3.2.13) lib/active_support/tagged_logging.rb:22:in `tagged'
  railties (3.2.13) lib/rails/rack/logger.rb:16:in `call'
  actionpack (3.2.13) lib/action_dispatch/middleware/request_id.rb:22:in `call'
  rack (1.4.5) lib/rack/methodoverride.rb:21:in `call'
  rack (1.4.5) lib/rack/runtime.rb:17:in `call'
  activesupport (3.2.13) lib/active_support/cache/strategy/local_cache.rb:72:in `call'
  rack (1.4.5) lib/rack/lock.rb:15:in `call'
  actionpack (3.2.13) lib/action_dispatch/middleware/static.rb:63:in `call'
  railties (3.2.13) lib/rails/engine.rb:479:in `call'
  railties (3.2.13) lib/rails/application.rb:223:in `call'
  rack (1.4.5) lib/rack/content_length.rb:14:in `call'
  railties (3.2.13) lib/rails/rack/log_tailer.rb:17:in `call'
  rack (1.4.5) lib/rack/handler/webrick.rb:59:in `service'
  c:/RailsInstaller/Ruby1.9.3/lib/ruby/1.9.1/webrick/httpserver.rb:138:in `service'
  c:/RailsInstaller/Ruby1.9.3/lib/ruby/1.9.1/webrick/httpserver.rb:94:in `run'
  c:/RailsInstaller/Ruby1.9.3/lib/ruby/1.9.1/webrick/server.rb:191:in `block in start_thread'


  Rendered c:/RailsInstaller/Ruby1.9.3/lib/ruby/gems/1.9.1/gems/actionpack-3.2.13/lib/action_dispatch/middleware/templates/rescues/routing_error.erb within rescues/layout (1.0ms)


Started GET "/index/index" for 127.0.0.1 at 2013-05-30 19:48:19 +0200
Processing by IndexController#index as HTML
  Rendered index/index.html.erb within layouts/application (0.0ms)
Completed 200 OK in 12ms (Views: 12.0ms | ActiveRecord: 0.0ms)


Started GET "/assets/index.css?body=1" for 127.0.0.1 at 2013-05-30 19:48:19 +0200
Served asset /index.css - 200 OK (0ms)


Started GET "/assets/jquery.js?body=1" for 127.0.0.1 at 2013-05-30 19:48:19 +0200
Served asset /jquery.js - 200 OK (0ms)


Started GET "/assets/jquery_ujs.js?body=1" for 127.0.0.1 at 2013-05-30 19:48:19 +0200
Served asset /jquery_ujs.js - 200 OK (0ms)


Started GET "/assets/application.js?body=1" for 127.0.0.1 at 2013-05-30 19:48:19 +0200
Served asset /application.js - 200 OK (1ms)


Started GET "/assets/index.js?body=1" for 127.0.0.1 at 2013-05-30 19:48:19 +0200
Served asset /index.js - 200 OK (0ms)


Started GET "/assets/application.css?body=1" for 127.0.0.1 at 2013-05-30 19:48:19 +0200
Served asset /application.css - 200 OK (0ms)


Started GET "/index/index" for 127.0.0.1 at 2013-05-30 19:48:38 +0200
Processing by IndexController#index as HTML
  Rendered index/index.html.erb within layouts/application (0.0ms)
Completed 200 OK in 11ms (Views: 11.0ms | ActiveRecord: 0.0ms)


Started GET "/assets/index.js?body=1" for 127.0.0.1 at 2013-05-30 19:48:38 +0200
Served asset /index.js - 200 OK (0ms)


Started GET "/assets/application.js?body=1" for 127.0.0.1 at 2013-05-30 19:48:38 +0200
Served asset /application.js - 200 OK (0ms)


Started GET "/assets/jquery_ujs.js?body=1" for 127.0.0.1 at 2013-05-30 19:48:38 +0200
Served asset /jquery_ujs.js - 200 OK (0ms)


Started GET "/assets/jquery.js?body=1" for 127.0.0.1 at 2013-05-30 19:48:38 +0200
Served asset /jquery.js - 200 OK (0ms)


Started GET "/assets/index.css?body=1" for 127.0.0.1 at 2013-05-30 19:48:38 +0200
Served asset /index.css - 200 OK (0ms)


Started GET "/assets/application.css?body=1" for 127.0.0.1 at 2013-05-30 19:48:38 +0200
Served asset /application.css - 200 OK (0ms)


Started GET "/index/index" for 127.0.0.1 at 2013-05-30 19:49:18 +0200
Processing by IndexController#index as HTML
  Rendered index/index.html.erb within layouts/application (0.0ms)
Completed 200 OK in 11ms (Views: 11.0ms | ActiveRecord: 0.0ms)


Started GET "/assets/application.css?body=1" for 127.0.0.1 at 2013-05-30 19:49:18 +0200
Served asset /application.css - 304 Not Modified (0ms)


Started GET "/assets/jquery_ujs.js?body=1" for 127.0.0.1 at 2013-05-30 19:49:18 +0200
Served asset /jquery_ujs.js - 304 Not Modified (0ms)


Started GET "/assets/jquery.js?body=1" for 127.0.0.1 at 2013-05-30 19:49:18 +0200
Served asset /jquery.js - 304 Not Modified (0ms)


Started GET "/assets/index.css?body=1" for 127.0.0.1 at 2013-05-30 19:49:18 +0200
Served asset /index.css - 304 Not Modified (0ms)


Started GET "/assets/index.js?body=1" for 127.0.0.1 at 2013-05-30 19:49:18 +0200
Served asset /index.js - 304 Not Modified (0ms)


Started GET "/assets/application.js?body=1" for 127.0.0.1 at 2013-05-30 19:49:19 +0200
Served asset /application.js - 304 Not Modified (0ms)


Started GET "/index/index" for 127.0.0.1 at 2013-05-30 19:50:05 +0200
Processing by IndexController#index as HTML
  Rendered index/index.html.erb within layouts/application (0.0ms)
Completed 200 OK in 11ms (Views: 11.0ms | ActiveRecord: 0.0ms)


Started GET "/assets/application.css?body=1" for 127.0.0.1 at 2013-05-30 19:50:05 +0200
Served asset /application.css - 200 OK (0ms)


Started GET "/assets/jquery.js?body=1" for 127.0.0.1 at 2013-05-30 19:50:05 +0200
Served asset /jquery.js - 200 OK (0ms)


Started GET "/assets/index.css?body=1" for 127.0.0.1 at 2013-05-30 19:50:05 +0200
Served asset /index.css - 200 OK (0ms)


Started GET "/assets/index.js?body=1" for 127.0.0.1 at 2013-05-30 19:50:05 +0200
Served asset /index.js - 200 OK (0ms)


Started GET "/assets/jquery_ujs.js?body=1" for 127.0.0.1 at 2013-05-30 19:50:05 +0200
Served asset /jquery_ujs.js - 200 OK (0ms)


Started GET "/assets/application.js?body=1" for 127.0.0.1 at 2013-05-30 19:50:05 +0200
Served asset /application.js - 200 OK (0ms)


Started GET "/index/index" for 127.0.0.1 at 2013-05-30 20:03:34 +0200
Processing by IndexController#index as HTML
  Rendered index/index.html.erb within layouts/application (1.0ms)
Completed 200 OK in 12ms (Views: 12.0ms | ActiveRecord: 0.0ms)


Started GET "/assets/application.css?body=1" for 127.0.0.1 at 2013-05-30 20:03:34 +0200
Served asset /application.css - 200 OK (0ms)


Started GET "/assets/index.js?body=1" for 127.0.0.1 at 2013-05-30 20:03:34 +0200
Served asset /index.js - 200 OK (0ms)


Started GET "/assets/application.js?body=1" for 127.0.0.1 at 2013-05-30 20:03:34 +0200
Served asset /application.js - 200 OK (0ms)


Started GET "/assets/jquery.js?body=1" for 127.0.0.1 at 2013-05-30 20:03:34 +0200
Served asset /jquery.js - 200 OK (0ms)


Started GET "/assets/index.css?body=1" for 127.0.0.1 at 2013-05-30 20:03:34 +0200
Served asset /index.css - 200 OK (0ms)


Started GET "/assets/jquery_ujs.js?body=1" for 127.0.0.1 at 2013-05-30 20:03:34 +0200
Served asset /jquery_ujs.js - 200 OK (0ms)


Started GET "/index/index" for 127.0.0.1 at 2013-05-30 20:04:18 +0200
Processing by IndexController#index as HTML
  Rendered index/index.html.erb within layouts/application (0.0ms)
Completed 200 OK in 11ms (Views: 11.0ms | ActiveRecord: 0.0ms)


Started GET "/assets/index.css?body=1" for 127.0.0.1 at 2013-05-30 20:04:18 +0200
Served asset /index.css - 200 OK (0ms)


Started GET "/assets/jquery.js?body=1" for 127.0.0.1 at 2013-05-30 20:04:18 +0200
Served asset /jquery.js - 200 OK (0ms)


Started GET "/assets/jquery_ujs.js?body=1" for 127.0.0.1 at 2013-05-30 20:04:18 +0200
Served asset /jquery_ujs.js - 200 OK (0ms)


Started GET "/assets/application.css?body=1" for 127.0.0.1 at 2013-05-30 20:04:18 +0200
Served asset /application.css - 200 OK (0ms)


Started GET "/assets/index.js?body=1" for 127.0.0.1 at 2013-05-30 20:04:18 +0200
Served asset /index.js - 200 OK (0ms)


Started GET "/assets/application.js?body=1" for 127.0.0.1 at 2013-05-30 20:04:18 +0200
Served asset /application.js - 200 OK (0ms)


Started GET "/index/index" for 127.0.0.1 at 2013-05-30 20:04:38 +0200
Processing by IndexController#index as HTML
  Rendered index/index.html.erb within layouts/application (0.0ms)
Completed 200 OK in 12ms (Views: 12.0ms | ActiveRecord: 0.0ms)


Started GET "/assets/application.css?body=1" for 127.0.0.1 at 2013-05-30 20:04:38 +0200
Served asset /application.css - 200 OK (0ms)


Started GET "/assets/jquery.js?body=1" for 127.0.0.1 at 2013-05-30 20:04:38 +0200
Served asset /jquery.js - 200 OK (0ms)


Started GET "/assets/jquery_ujs.js?body=1" for 127.0.0.1 at 2013-05-30 20:04:38 +0200
Served asset /jquery_ujs.js - 200 OK (0ms)


Started GET "/assets/index.js?body=1" for 127.0.0.1 at 2013-05-30 20:04:38 +0200
Served asset /index.js - 200 OK (0ms)


Started GET "/assets/index.css?body=1" for 127.0.0.1 at 2013-05-30 20:04:38 +0200
Served asset /index.css - 200 OK (1ms)


Started GET "/assets/application.js?body=1" for 127.0.0.1 at 2013-05-30 20:04:38 +0200
Served asset /application.js - 200 OK (0ms)


Started GET "/index/index" for 127.0.0.1 at 2013-05-30 20:05:52 +0200
Processing by IndexController#index as HTML
  Rendered index/index.html.erb within layouts/application (0.0ms)
Completed 200 OK in 11ms (Views: 11.0ms | ActiveRecord: 0.0ms)


Started GET "/assets/application.css?body=1" for 127.0.0.1 at 2013-05-30 20:05:52 +0200
Served asset /application.css - 200 OK (0ms)


Started GET "/assets/jquery_ujs.js?body=1" for 127.0.0.1 at 2013-05-30 20:05:52 +0200
Served asset /jquery_ujs.js - 200 OK (0ms)


Started GET "/assets/index.js?body=1" for 127.0.0.1 at 2013-05-30 20:05:52 +0200
Served asset /index.js - 200 OK (0ms)


Started GET "/assets/jquery.js?body=1" for 127.0.0.1 at 2013-05-30 20:05:52 +0200
Served asset /jquery.js - 200 OK (0ms)


Started GET "/assets/index.css?body=1" for 127.0.0.1 at 2013-05-30 20:05:52 +0200
Served asset /index.css - 200 OK (0ms)


Started GET "/assets/application.js?body=1" for 127.0.0.1 at 2013-05-30 20:05:52 +0200
Served asset /application.js - 200 OK (0ms)


Started GET "/index/index" for 127.0.0.1 at 2013-05-30 20:12:38 +0200
Processing by IndexController#index as HTML
  Rendered index/index.html.erb within layouts/application (0.0ms)
Completed 200 OK in 11ms (Views: 11.0ms | ActiveRecord: 0.0ms)


Started GET "/assets/index.js?body=1" for 127.0.0.1 at 2013-05-30 20:12:38 +0200
Served asset /index.js - 200 OK (0ms)


Started GET "/assets/index.css?body=1" for 127.0.0.1 at 2013-05-30 20:12:38 +0200
Served asset /index.css - 200 OK (0ms)


Started GET "/assets/jquery.js?body=1" for 127.0.0.1 at 2013-05-30 20:12:38 +0200
Served asset /jquery.js - 200 OK (0ms)


Started GET "/assets/jquery_ujs.js?body=1" for 127.0.0.1 at 2013-05-30 20:12:38 +0200
Served asset /jquery_ujs.js - 200 OK (0ms)


Started GET "/assets/application.css?body=1" for 127.0.0.1 at 2013-05-30 20:12:38 +0200
Served asset /application.css - 200 OK (0ms)


Started GET "/assets/application.js?body=1" for 127.0.0.1 at 2013-05-30 20:12:38 +0200
Served asset /application.js - 200 OK (0ms)


Started GET "/index/index" for 127.0.0.1 at 2013-05-30 20:12:57 +0200
Processing by IndexController#index as HTML
  Rendered index/index.html.erb within layouts/application (0.0ms)
Completed 200 OK in 11ms (Views: 11.0ms | ActiveRecord: 0.0ms)


Started GET "/assets/index.css?body=1" for 127.0.0.1 at 2013-05-30 20:12:57 +0200
Served asset /index.css - 200 OK (0ms)


Started GET "/assets/jquery_ujs.js?body=1" for 127.0.0.1 at 2013-05-30 20:12:57 +0200
Served asset /jquery_ujs.js - 200 OK (0ms)


Started GET "/assets/jquery.js?body=1" for 127.0.0.1 at 2013-05-30 20:12:57 +0200
Served asset /jquery.js - 200 OK (0ms)


Started GET "/assets/application.css?body=1" for 127.0.0.1 at 2013-05-30 20:12:57 +0200
Served asset /application.css - 200 OK (0ms)


Started GET "/assets/index.js?body=1" for 127.0.0.1 at 2013-05-30 20:12:57 +0200
Served asset /index.js - 200 OK (0ms)


Started GET "/assets/application.js?body=1" for 127.0.0.1 at 2013-05-30 20:12:57 +0200
Served asset /application.js - 200 OK (0ms)


Started GET "/index/index/index" for 127.0.0.1 at 2013-05-30 20:12:58 +0200

ActionController::RoutingError (No route matches [GET] "/index/index/index"):
  actionpack (3.2.13) lib/action_dispatch/middleware/debug_exceptions.rb:21:in `call'
  actionpack (3.2.13) lib/action_dispatch/middleware/show_exceptions.rb:56:in `call'
  railties (3.2.13) lib/rails/rack/logger.rb:32:in `call_app'
  railties (3.2.13) lib/rails/rack/logger.rb:16:in `block in call'
  activesupport (3.2.13) lib/active_support/tagged_logging.rb:22:in `tagged'
  railties (3.2.13) lib/rails/rack/logger.rb:16:in `call'
  actionpack (3.2.13) lib/action_dispatch/middleware/request_id.rb:22:in `call'
  rack (1.4.5) lib/rack/methodoverride.rb:21:in `call'
  rack (1.4.5) lib/rack/runtime.rb:17:in `call'
  activesupport (3.2.13) lib/active_support/cache/strategy/local_cache.rb:72:in `call'
  rack (1.4.5) lib/rack/lock.rb:15:in `call'
  actionpack (3.2.13) lib/action_dispatch/middleware/static.rb:63:in `call'
  railties (3.2.13) lib/rails/engine.rb:479:in `call'
  railties (3.2.13) lib/rails/application.rb:223:in `call'
  rack (1.4.5) lib/rack/content_length.rb:14:in `call'
  railties (3.2.13) lib/rails/rack/log_tailer.rb:17:in `call'
  rack (1.4.5) lib/rack/handler/webrick.rb:59:in `service'
  c:/RailsInstaller/Ruby1.9.3/lib/ruby/1.9.1/webrick/httpserver.rb:138:in `service'
  c:/RailsInstaller/Ruby1.9.3/lib/ruby/1.9.1/webrick/httpserver.rb:94:in `run'
  c:/RailsInstaller/Ruby1.9.3/lib/ruby/1.9.1/webrick/server.rb:191:in `block in start_thread'


  Rendered c:/RailsInstaller/Ruby1.9.3/lib/ruby/gems/1.9.1/gems/actionpack-3.2.13/lib/action_dispatch/middleware/templates/rescues/routing_error.erb within rescues/layout (0.0ms)


Started GET "/index/index" for 127.0.0.1 at 2013-05-30 20:13:24 +0200
Processing by IndexController#index as HTML
  Rendered index/index.html.erb within layouts/application (0.0ms)
Completed 200 OK in 12ms (Views: 11.0ms | ActiveRecord: 0.0ms)


Started GET "/assets/jquery_ujs.js?body=1" for 127.0.0.1 at 2013-05-30 20:13:24 +0200
Served asset /jquery_ujs.js - 200 OK (0ms)


Started GET "/assets/index.css?body=1" for 127.0.0.1 at 2013-05-30 20:13:24 +0200
Served asset /index.css - 200 OK (0ms)


Started GET "/assets/application.css?body=1" for 127.0.0.1 at 2013-05-30 20:13:24 +0200
Served asset /application.css - 200 OK (0ms)


Started GET "/assets/index.js?body=1" for 127.0.0.1 at 2013-05-30 20:13:24 +0200
Served asset /index.js - 200 OK (0ms)


Started GET "/assets/jquery.js?body=1" for 127.0.0.1 at 2013-05-30 20:13:24 +0200
Served asset /jquery.js - 200 OK (0ms)


Started GET "/assets/application.js?body=1" for 127.0.0.1 at 2013-05-30 20:13:24 +0200
Served asset /application.js - 200 OK (0ms)


Started GET "/index/index" for 127.0.0.1 at 2013-05-30 20:13:24 +0200
Processing by IndexController#index as JSON
  Rendered index/index.html.erb within layouts/application (0.0ms)
Completed 200 OK in 8ms (Views: 8.0ms | ActiveRecord: 0.0ms)


Started GET "/index/index" for 127.0.0.1 at 2013-05-30 20:13:48 +0200
Processing by IndexController#index as HTML
  Rendered index/index.html.erb within layouts/application (0.0ms)
Completed 200 OK in 11ms (Views: 11.0ms | ActiveRecord: 0.0ms)


Started GET "/assets/index.css?body=1" for 127.0.0.1 at 2013-05-30 20:13:48 +0200
Served asset /index.css - 200 OK (0ms)


Started GET "/assets/jquery.js?body=1" for 127.0.0.1 at 2013-05-30 20:13:48 +0200
Served asset /jquery.js - 200 OK (0ms)


Started GET "/assets/jquery_ujs.js?body=1" for 127.0.0.1 at 2013-05-30 20:13:48 +0200
Served asset /jquery_ujs.js - 200 OK (0ms)


Started GET "/assets/application.css?body=1" for 127.0.0.1 at 2013-05-30 20:13:48 +0200
Served asset /application.css - 200 OK (0ms)


Started GET "/assets/index.js?body=1" for 127.0.0.1 at 2013-05-30 20:13:48 +0200
Served asset /index.js - 200 OK (0ms)


Started GET "/assets/application.js?body=1" for 127.0.0.1 at 2013-05-30 20:13:48 +0200
Served asset /application.js - 200 OK (0ms)


Started GET "/index/hej/tja" for 127.0.0.1 at 2013-05-30 20:13:49 +0200

ActionController::RoutingError (No route matches [GET] "/index/hej/tja"):
  actionpack (3.2.13) lib/action_dispatch/middleware/debug_exceptions.rb:21:in `call'
  actionpack (3.2.13) lib/action_dispatch/middleware/show_exceptions.rb:56:in `call'
  railties (3.2.13) lib/rails/rack/logger.rb:32:in `call_app'
  railties (3.2.13) lib/rails/rack/logger.rb:16:in `block in call'
  activesupport (3.2.13) lib/active_support/tagged_logging.rb:22:in `tagged'
  railties (3.2.13) lib/rails/rack/logger.rb:16:in `call'
  actionpack (3.2.13) lib/action_dispatch/middleware/request_id.rb:22:in `call'
  rack (1.4.5) lib/rack/methodoverride.rb:21:in `call'
  rack (1.4.5) lib/rack/runtime.rb:17:in `call'
  activesupport (3.2.13) lib/active_support/cache/strategy/local_cache.rb:72:in `call'
  rack (1.4.5) lib/rack/lock.rb:15:in `call'
  actionpack (3.2.13) lib/action_dispatch/middleware/static.rb:63:in `call'
  railties (3.2.13) lib/rails/engine.rb:479:in `call'
  railties (3.2.13) lib/rails/application.rb:223:in `call'
  rack (1.4.5) lib/rack/content_length.rb:14:in `call'
  railties (3.2.13) lib/rails/rack/log_tailer.rb:17:in `call'
  rack (1.4.5) lib/rack/handler/webrick.rb:59:in `service'
  c:/RailsInstaller/Ruby1.9.3/lib/ruby/1.9.1/webrick/httpserver.rb:138:in `service'
  c:/RailsInstaller/Ruby1.9.3/lib/ruby/1.9.1/webrick/httpserver.rb:94:in `run'
  c:/RailsInstaller/Ruby1.9.3/lib/ruby/1.9.1/webrick/server.rb:191:in `block in start_thread'


  Rendered c:/RailsInstaller/Ruby1.9.3/lib/ruby/gems/1.9.1/gems/actionpack-3.2.13/lib/action_dispatch/middleware/templates/rescues/routing_error.erb within rescues/layout (1.0ms)


Started GET "/index/index/index" for 127.0.0.1 at 2013-05-30 20:14:22 +0200

ActionController::RoutingError (No route matches [GET] "/index/index/index"):
  actionpack (3.2.13) lib/action_dispatch/middleware/debug_exceptions.rb:21:in `call'
  actionpack (3.2.13) lib/action_dispatch/middleware/show_exceptions.rb:56:in `call'
  railties (3.2.13) lib/rails/rack/logger.rb:32:in `call_app'
  railties (3.2.13) lib/rails/rack/logger.rb:16:in `block in call'
  activesupport (3.2.13) lib/active_support/tagged_logging.rb:22:in `tagged'
  railties (3.2.13) lib/rails/rack/logger.rb:16:in `call'
  actionpack (3.2.13) lib/action_dispatch/middleware/request_id.rb:22:in `call'
  rack (1.4.5) lib/rack/methodoverride.rb:21:in `call'
  rack (1.4.5) lib/rack/runtime.rb:17:in `call'
  activesupport (3.2.13) lib/active_support/cache/strategy/local_cache.rb:72:in `call'
  rack (1.4.5) lib/rack/lock.rb:15:in `call'
  actionpack (3.2.13) lib/action_dispatch/middleware/static.rb:63:in `call'
  railties (3.2.13) lib/rails/engine.rb:479:in `call'
  railties (3.2.13) lib/rails/application.rb:223:in `call'
  rack (1.4.5) lib/rack/content_length.rb:14:in `call'
  railties (3.2.13) lib/rails/rack/log_tailer.rb:17:in `call'
  rack (1.4.5) lib/rack/handler/webrick.rb:59:in `service'
  c:/RailsInstaller/Ruby1.9.3/lib/ruby/1.9.1/webrick/httpserver.rb:138:in `service'
  c:/RailsInstaller/Ruby1.9.3/lib/ruby/1.9.1/webrick/httpserver.rb:94:in `run'
  c:/RailsInstaller/Ruby1.9.3/lib/ruby/1.9.1/webrick/server.rb:191:in `block in start_thread'


  Rendered c:/RailsInstaller/Ruby1.9.3/lib/ruby/gems/1.9.1/gems/actionpack-3.2.13/lib/action_dispatch/middleware/templates/rescues/routing_error.erb within rescues/layout (1.0ms)


Started GET "/index/index" for 127.0.0.1 at 2013-05-30 21:18:34 +0200
Processing by IndexController#index as HTML
  Rendered index/index.html.erb within layouts/application (0.0ms)
Completed 200 OK in 26ms (Views: 26.0ms | ActiveRecord: 0.0ms)


Started GET "/assets/jquery.js?body=1" for 127.0.0.1 at 2013-05-30 21:18:34 +0200
Served asset /jquery.js - 304 Not Modified (0ms)


Started GET "/assets/application.css?body=1" for 127.0.0.1 at 2013-05-30 21:18:34 +0200
Served asset /application.css - 304 Not Modified (0ms)


Started GET "/assets/jquery_ujs.js?body=1" for 127.0.0.1 at 2013-05-30 21:18:34 +0200
Served asset /jquery_ujs.js - 304 Not Modified (0ms)


Started GET "/assets/index.css?body=1" for 127.0.0.1 at 2013-05-30 21:18:34 +0200
Served asset /index.css - 304 Not Modified (0ms)


Started GET "/assets/index.js?body=1" for 127.0.0.1 at 2013-05-30 21:18:34 +0200
Served asset /index.js - 304 Not Modified (0ms)


Started GET "/assets/application.js?body=1" for 127.0.0.1 at 2013-05-30 21:18:34 +0200
Served asset /application.js - 304 Not Modified (0ms)
